<?xml version="1.0" encoding="UTF-8"?>
<!-- Generated by org.testng.reporters.JUnitReportReporter -->
<testsuite hostname="WINIDPF49ATG6" failures="0" tests="1" name="testAnt.Guru99AntClass" time="0.037" errors="0" timestamp="2023-10-31T08:27:05 HOVT" skipped="0">
  <testcase classname="testAnt.Guru99AntClass" name="Guru99AntTestNGMethod" time="0.037"/>
</testsuite> <!-- testAnt.Guru99AntClass -->
